C:\Users\chiqu\OneDrive\Documentos\quinto semestre\dibujo asistido\silbato.dwg,Layout1,9/6/2021 6:57:54 PM,Mario,DWG To PDF.pc3,ANSI B (11.00 x 17.00 Inches),1:25.4,
C:\Users\chiqu\OneDrive\Documentos\quinto semestre\dibujo asistido\autocad trabajos\llave.dwg,Layout1,9/7/2021 10:29:06 AM,Mario,DWG To PDF.pc3,ANSI B (11.00 x 17.00 Inches),1:25.4,
C:\Users\chiqu\OneDrive\Documentos\quinto semestre\dibujo asistido\autocad trabajos\usodecapas.dwg,Layout1,9/8/2021 7:21:33 PM,Mario,DWG To PDF.pc3,ANSI B (11.00 x 17.00 Inches),1:25.4,
C:\Users\chiqu\OneDrive\Documentos\Drawing1.dwg,Layout1,9/13/2021 6:58:01 PM,Mario,DWG To PDF.pc3,ANSI B (11.00 x 17.00 Inches),1:25.4,
C:\Users\chiqu\OneDrive\Documentos\quinto semestre\dibujo asistido\autocad trabajos\ejercicio11.dwg,Layout1,9/13/2021 7:28:59 PM,Mario,DWG To PDF.pc3,ANSI B (11.00 x 17.00 Inches),1:25.4,
C:\Users\chiqu\OneDrive\Documentos\Drawing1.dwg,Layout1,9/15/2021 6:41:33 PM,Mario,DWG To PDF.pc3,ANSI expand B (11.00 x 17.00 Inches),1:25.4,
C:\Users\chiqu\OneDrive\Documentos\Drawing1.dwg,Layout1,9/20/2021 8:04:41 PM,Mario,DWG To PDF.pc3,ANSI B (11.00 x 17.00 Inches),1:25.4,
C:\Users\chiqu\OneDrive\Documentos\quinto semestre\dibujo asistido\autocad trabajos\ejercicio12.dwg,Layout1,9/28/2021 10:42:39 PM,Mario,DWG To PDF.pc3,ANSI B (11.00 x 17.00 Inches),1:25.4,
C:\Users\chiqu\OneDrive\Documentos\quinto semestre\dibujo asistido\autocad trabajos\ejercicio 13.dwg,Layout1,9/28/2021 10:45:23 PM,Mario,DWG To PDF.pc3,ANSI expand B (11.00 x 17.00 Inches),1:25.4,
C:\Users\chiqu\OneDrive\Documentos\quinto semestre\dibujo asistido\autocad trabajos\ejercicio 13.dwg,Layout1,9/28/2021 10:47:02 PM,Mario,DWG To PDF.pc3,ANSI expand B (11.00 x 17.00 Inches),1:25.4,
C:\Users\chiqu\OneDrive\Documentos\quinto semestre\dibujo asistido\autocad trabajos\ejercicio 13.dwg,Layout1,9/28/2021 10:49:10 PM,Mario,DWG To PDF.pc3,ANSI expand B (11.00 x 17.00 Inches),1:25.4,
C:\Users\chiqu\OneDrive\Documentos\quinto semestre\dibujo asistido\autocad trabajos\ejercicio 14.dwg,Layout1,9/30/2021 12:24:30 AM,Mario,DWG To PDF.pc3,ANSI B (11.00 x 17.00 Inches),1:25.4,
C:\Users\chiqu\OneDrive\Documentos\quinto semestre\dibujo asistido\autocad trabajos\ejercicio 14.dwg,Layout1,9/30/2021 12:25:42 AM,Mario,DWG To PDF.pc3,ANSI B (11.00 x 17.00 Inches),1:25.4,
C:\Users\chiqu\OneDrive\Documentos\quinto semestre\dibujo asistido\autocad trabajos\ejercicio 14.dwg,Layout1,9/30/2021 12:30:15 AM,Mario,DWG To PDF.pc3,ANSI B (11.00 x 17.00 Inches),1:25.4,
C:\Users\chiqu\OneDrive\Documentos\quinto semestre\dibujo asistido\autocad trabajos\2.6.dwg,Layout1,10/7/2021 7:51:11 PM,Mario,DWG To PDF.pc3,ANSI B (11.00 x 17.00 Inches),1:25.4,
C:\Users\chiqu\OneDrive\Documentos\quinto semestre\dibujo asistido\autocad trabajos\2.9.dwg,Layout1,10/7/2021 7:55:59 PM,Mario,DWG To PDF.pc3,ANSI B (11.00 x 17.00 Inches),1:25.4,
C:\Users\chiqu\OneDrive\Documentos\quinto semestre\dibujo asistido\autocad trabajos\2.8.dwg,Layout1,10/7/2021 7:59:47 PM,Mario,DWG To PDF.pc3,ANSI B (11.00 x 17.00 Inches),1:25.4,
C:\Users\chiqu\OneDrive\Documentos\quinto semestre\dibujo asistido\autocad trabajos\2.10.dwg,Layout1,10/12/2021 8:49:14 PM,Mario,DWG To PDF.pc3,ANSI B (11.00 x 17.00 Inches),1:25.4,
C:\Users\chiqu\OneDrive\Documentos\quinto semestre\dibujo asistido\autocad trabajos\2.11.dwg,Layout1,10/18/2021 7:02:23 PM,Mario,DWG To PDF.pc3,ANSI B (11.00 x 17.00 Inches),1:25.4,
C:\Users\chiqu\OneDrive\Documentos\quinto semestre\dibujo asistido\autocad trabajos\2.11.dwg,Layout1 (2),10/18/2021 7:02:57 PM,Mario,DWG To PDF.pc3,ANSI B (11.00 x 17.00 Inches),1:25.4,
C:\Users\chiqu\OneDrive\Documentos\quinto semestre\dibujo asistido\autocad trabajos\2.12 especial.dwg,Layout1 (3),10/18/2021 7:57:13 PM,Mario,DWG To PDF.pc3,ANSI B (11.00 x 17.00 Inches),1:25.4,
C:\Users\chiqu\OneDrive\Documentos\quinto semestre\dibujo asistido\autocad trabajos\2.13.dwg,Layout1,10/20/2021 6:48:28 PM,Mario,DWG To PDF.pc3,ANSI full bleed A (8.50 x 11.00 Inches),1:25.4,
C:\Users\chiqu\OneDrive\Documentos\quinto semestre\dibujo asistido\autocad trabajos\airpods2.dwg,Layout1,11/24/2021 9:16:49 PM,Mario,DWG To PDF.pc3,ANSI B (11.00 x 17.00 Inches),1:25.4,
C:\Users\chiqu\OneDrive\Documentos\quinto semestre\dibujo asistido\autocad trabajos\airpods2.dwg,Layout1,11/24/2021 9:20:32 PM,Mario,DWG To PDF.pc3,ANSI B (11.00 x 17.00 Inches),1:25.4,
C:\Users\chiqu\OneDrive\Documentos\quinto semestre\dibujo asistido\autocad trabajos\taza.dwg,Layout1,11/24/2021 9:58:53 PM,Mario,DWG To PDF.pc3,ANSI expand B (11.00 x 17.00 Inches),1:25.4,
C:\Users\chiqu\OneDrive\Documentos\quinto semestre\dibujo asistido\autocad trabajos\taza.dwg,Layout1,11/24/2021 10:06:54 PM,Mario,DWG To PDF.pc3,ANSI expand B (11.00 x 17.00 Inches),1:25.4,
C:\Users\chiqu\OneDrive\Documentos\quinto semestre\dibujo asistido\autocad trabajos\volumen2 y 3.dwg,Layout1,11/24/2021 10:08:39 PM,Mario,DWG To PDF.pc3,ANSI expand B (11.00 x 17.00 Inches),1:25.4,
